Arguments: 
  /Users/donato/.nvm/versions/node/v14.17.6/bin/node /usr/local/Cellar/yarn/1.22.17_2/libexec/bin/yarn.js init

PATH: 
  /Users/donato/.rvm/gems/ruby-2.6.3/bin:/Users/donato/.rvm/gems/ruby-2.6.3@global/bin:/Users/donato/.rvm/rubies/ruby-2.6.3/bin:/Users/donato/.nvm/versions/node/v14.17.6/bin:/usr/local/sbin:/Users/donato/.cargo/bin:/Users/donato/.composer/vendor/bin:/Library/Frameworks/Python.framework/Versions/3.8/bin:/usr/local/bin:/usr/bin:/bin:/usr/sbin:/sbin:/usr/local/share/dotnet:~/.dotnet/tools:/Library/Apple/usr/bin:/Library/Frameworks/Mono.framework/Versions/Current/Commands:/Applications/Postgres.app/Contents/Versions/latest/bin:/Users/donato/.rvm/gems/ruby-2.6.3/bin:/Users/donato/.rvm/gems/ruby-2.6.3@global/bin:/Users/donato/.rvm/rubies/ruby-2.6.3/bin:/Users/donato/.sdkman/candidates/gradle/current/bin:/Users/donato/.nvm/versions/node/v14.15.5/bin:/usr/local/sbin:/Users/donato/.cargo/bin:/Users/donato/.composer/vendor/bin:/Library/Frameworks/Python.framework/Versions/3.8/bin:/platform-tools:/usr/local/Caskroom/flutter/1.22.0/flutter/.pub-cache/bin:/Users/donato/vendor/Nim/bin:/Users/donato/.rvm/bin:/Users/donato/Library/Android/sdk/platform-tools:/usr/local/Caskroom/flutter/1.22.0/flutter/.pub-cache/bin:/Users/donato/vendor/Nim/bin:/Users/donato/.rvm/bin

Yarn version: 
  1.22.17

Node version: 
  14.17.6

Platform: 
  darwin x64

Trace: 
  Error: canceled
      at Interface.<anonymous> (/usr/local/Cellar/yarn/1.22.17_2/libexec/lib/cli.js:137143:13)
      at Interface.emit (events.js:400:28)
      at Interface._ttyWrite (readline.js:910:16)
      at ReadStream.onkeypress (readline.js:235:10)
      at ReadStream.emit (events.js:400:28)
      at emitKeys (internal/readline/utils.js:358:14)
      at emitKeys.next (<anonymous>)
      at ReadStream.onData (readline.js:1179:36)
      at ReadStream.emit (events.js:400:28)
      at addChunk (internal/streams/readable.js:290:12)

npm manifest: 
  No manifest

yarn manifest: 
  No manifest

Lockfile: 
  No lockfile
